<?xml version="1.0" encoding="UTF-8"?>
<Site BuildName="(empty)"
	BuildStamp="20240907-1526-Experimental"
	Name="(empty)"
	Generator="ctest-3.28.3"
	CompilerName=""
	CompilerVersion=""
	OSName="Linux"
	Hostname="dracken24"
	OSRelease="6.8.0-41-generic"
	OSVersion="#41-Ubuntu SMP PREEMPT_DYNAMIC Fri Aug  2 20:41:06 UTC 2024"
	OSPlatform="x86_64"
	Is64Bits="1"
	VendorString="GenuineIntel"
	VendorID="Intel Corporation"
	FamilyID="6"
	ModelID="165"
	ProcessorCacheSize="12288"
	NumberOfLogicalCPU="12"
	NumberOfPhysicalCPU="6"
	TotalVirtualMemory="4095"
	TotalPhysicalMemory="15811"
	LogicalProcessorsPerPhysical="2"
	ProcessorClockFrequency="4418.7"
	>
	<Testing>
		<StartDateTime>Sep 07 11:26 EDT</StartDateTime>
		<StartTestTime>1725722793</StartTestTime>
		<TestList/>
		<EndDateTime>Sep 07 11:26 EDT</EndDateTime>
		<EndTestTime>1725722793</EndTestTime>
		<ElapsedMinutes>0</ElapsedMinutes>
	</Testing>
</Site>
